<?xml version="1.0" encoding="UTF-8"?><testsuite errors="1" failures="0" name="Rigister user whit data" skipped="0" tests="1" time="20.88" timestamp="2021-06-11 10:16:44"><testcase name="Rigister user with all data"><error message="no such element: Unable to locate element: {&quot;method&quot;:&quot;css selector&quot;,&quot;selector&quot;:&quot;.lrc\-field\-row\ lrc\-submit\-row&quot;}&#10;  (Session info: chrome=91.0.4472.101)&#10;For documentation on this error, please visit: https://www.seleniumhq.org/exceptions/no_such_element.html&#10;Build info: version: '3.141.59', revision: 'e82be7d358', time: '2018-11-14T08:17:03'&#10;System info: host: 'MacBook-Pro-de-juan-2.local', ip: 'fe80:0:0:0:cd7:115c:d113:cb0a%en0', os.name: 'Mac OS X', os.arch: 'x86_64', os.version: '10.16', java.version: '1.8.0_171'&#10;Driver info: org.openqa.selenium.remote.RemoteWebDriver&#10;Capabilities {acceptInsecureCerts: false, browserName: chrome, browserVersion: 91.0.4472.101, chrome: {chromedriverVersion: 91.0.4472.19 (1bf021f248676..., userDataDir: /var/folders/mw/5nsjggyn7sz...}, goog:chromeOptions: {debuggerAddress: localhost:56741}, javascriptEnabled: true, networkConnectionEnabled: false, pageLoadStrategy: normal, platform: MAC, platformName: MAC, proxy: Proxy(), setWindowRect: true, strictFileInteractability: false, timeouts: {implicit: 0, pageLoad: 300000, script: 30000}, unhandledPromptBehavior: dismiss and notify, webauthn:extension:largeBlob: true, webauthn:virtualAuthenticators: true}&#10;Session ID: eab76eb075ac1d9edfe4bc93d0ac7c28&#10;*** Element info: {Using=class name, value=lrc-field-row lrc-submit-row}" type="org.openqa.selenium.NoSuchElementException">no such element: Unable to locate element: {"method":"css selector","selector":".lrc\-field\-row\ lrc\-submit\-row"}
  (Session info: chrome=91.0.4472.101)
For documentation on this error, please visit: https://www.seleniumhq.org/exceptions/no_such_element.html
Build info: version: '3.141.59', revision: 'e82be7d358', time: '2018-11-14T08:17:03'
System info: host: 'MacBook-Pro-de-juan-2.local', ip: 'fe80:0:0:0:cd7:115c:d113:cb0a%en0', os.name: 'Mac OS X', os.arch: 'x86_64', os.version: '10.16', java.version: '1.8.0_171'
Driver info: org.openqa.selenium.remote.RemoteWebDriver
Capabilities {acceptInsecureCerts: false, browserName: chrome, browserVersion: 91.0.4472.101, chrome: {chromedriverVersion: 91.0.4472.19 (1bf021f248676..., userDataDir: /var/folders/mw/5nsjggyn7sz...}, goog:chromeOptions: {debuggerAddress: localhost:56741}, javascriptEnabled: true, networkConnectionEnabled: false, pageLoadStrategy: normal, platform: MAC, platformName: MAC, proxy: Proxy(), setWindowRect: true, strictFileInteractability: false, timeouts: {implicit: 0, pageLoad: 300000, script: 30000}, unhandledPromptBehavior: dismiss and notify, webauthn:extension:largeBlob: true, webauthn:virtualAuthenticators: true}
Session ID: eab76eb075ac1d9edfe4bc93d0ac7c28
*** Element info: {Using=class name, value=lrc-field-row lrc-submit-row}</error><system-err>no such element: Unable to locate element: {"method":"css selector","selector":".lrc\-field\-row\ lrc\-submit\-row"}
  (Session info: chrome=91.0.4472.101)
For documentation on this error, please visit: https://www.seleniumhq.org/exceptions/no_such_element.html
Build info: version: '3.141.59', revision: 'e82be7d358', time: '2018-11-14T08:17:03'
System info: host: 'MacBook-Pro-de-juan-2.local', ip: 'fe80:0:0:0:cd7:115c:d113:cb0a%en0', os.name: 'Mac OS X', os.arch: 'x86_64', os.version: '10.16', java.version: '1.8.0_171'
Driver info: org.openqa.selenium.remote.RemoteWebDriver
Capabilities {acceptInsecureCerts: false, browserName: chrome, browserVersion: 91.0.4472.101, chrome: {chromedriverVersion: 91.0.4472.19 (1bf021f248676..., userDataDir: /var/folders/mw/5nsjggyn7sz...}, goog:chromeOptions: {debuggerAddress: localhost:56741}, javascriptEnabled: true, networkConnectionEnabled: false, pageLoadStrategy: normal, platform: MAC, platformName: MAC, proxy: Proxy(), setWindowRect: true, strictFileInteractability: false, timeouts: {implicit: 0, pageLoad: 300000, script: 30000}, unhandledPromptBehavior: dismiss and notify, webauthn:extension:largeBlob: true, webauthn:virtualAuthenticators: true}
Session ID: eab76eb075ac1d9edfe4bc93d0ac7c28
*** Element info: {Using=class name, value=lrc-field-row lrc-submit-row}
interactions.CreateAccount.performAs(CreateAccount.java:25)
tasks.EnterTheRegistrationPage.performAs(EnterTheRegistrationPage.java:21)
definitions.DefRegisterUserWhitData.that_the_user_tries_to_register_on_the_page(DefRegisterUserWhitData.java:20)
cucumber.runner.Runner.runPickle(Runner.java:80)
</system-err></testcase></testsuite>